# JRE version: OpenJDK Runtime Environment (14.0.1+7) (build 14.0.1+7)
# Java VM: OpenJDK 64-Bit Server VM (14.0.1+7, mixed mode, sharing, tiered, compressed oops, g1 gc, windows-amd64)
Heap:
 garbage-first heap   total 153600K, used 59682K [0x0000000701000000, 0x0000000800000000)
  region size 1024K, 45 young (46080K), 3 survivors (3072K)
 Metaspace       used 32249K, capacity 33327K, committed 33532K, reserved 1079296K
  class space    used 4199K, capacity 4655K, committed 4684K, reserved 1048576K
GC Heap History (12 events):
Event: 0.485 GC heap before
{Heap before GC invocations=0 (full 0):
 garbage-first heap   total 262144K, used 22528K [0x0000000701000000, 0x0000000800000000)
  region size 1024K, 23 young (23552K), 0 survivors (0K)
 Metaspace       used 8680K, capacity 9151K, committed 9472K, reserved 1056768K
  class space    used 1005K, capacity 1173K, committed 1280K, reserved 1048576K
}
Event: 0.489 GC heap after
{Heap after GC invocations=1 (full 0):
 garbage-first heap   total 262144K, used 5572K [0x0000000701000000, 0x0000000800000000)
  region size 1024K, 3 young (3072K), 3 survivors (3072K)
 Metaspace       used 8680K, capacity 9151K, committed 9472K, reserved 1056768K
  class space    used 1005K, capacity 1173K, committed 1280K, reserved 1048576K
}
Event: 0.930 GC heap before
{Heap before GC invocations=1 (full 0):
 garbage-first heap   total 262144K, used 34244K [0x0000000701000000, 0x0000000800000000)
  region size 1024K, 31 young (31744K), 3 survivors (3072K)
 Metaspace       used 18917K, capacity 19480K, committed 19712K, reserved 1067008K
  class space    used 2450K, capacity 2705K, committed 2816K, reserved 1048576K
}
Event: 0.933 GC heap after
{Heap after GC invocations=2 (full 0):
 garbage-first heap   total 262144K, used 9486K [0x0000000701000000, 0x0000000800000000)
  region size 1024K, 4 young (4096K), 4 survivors (4096K)
 Metaspace       used 18917K, capacity 19480K, committed 19712K, reserved 1067008K
  class space    used 2450K, capacity 2705K, committed 2816K, reserved 1048576K
}
Event: 1.006 GC heap before
{Heap before GC invocations=2 (full 0):
 garbage-first heap   total 262144K, used 13582K [0x0000000701000000, 0x0000000800000000)
  region size 1024K, 9 young (9216K), 4 survivors (4096K)
 Metaspace       used 20586K, capacity 21185K, committed 21296K, reserved 1067008K
  class space    used 2639K, capacity 2911K, committed 2944K, reserved 1048576K
}
Event: 1.009 GC heap after
{Heap after GC invocations=3 (full 0):
 garbage-first heap   total 262144K, used 10323K [0x0000000701000000, 0x0000000800000000)
  region size 1024K, 5 young (5120K), 5 survivors (5120K)
 Metaspace       used 20586K, capacity 21185K, committed 21296K, reserved 1067008K
  class space    used 2639K, capacity 2911K, committed 2944K, reserved 1048576K
}
Event: 1.249 GC heap before
{Heap before GC invocations=4 (full 0):
 garbage-first heap   total 45056K, used 33875K [0x0000000701000000, 0x0000000800000000)
  region size 1024K, 28 young (28672K), 5 survivors (5120K)
 Metaspace       used 27052K, capacity 27988K, committed 28284K, reserved 1073152K
  class space    used 3560K, capacity 3943K, committed 4044K, reserved 1048576K
}
Event: 1.254 GC heap after
{Heap after GC invocations=5 (full 0):
 garbage-first heap   total 45056K, used 12530K [0x0000000701000000, 0x0000000800000000)
  region size 1024K, 4 young (4096K), 4 survivors (4096K)
 Metaspace       used 27052K, capacity 27988K, committed 28284K, reserved 1073152K
  class space    used 3560K, capacity 3943K, committed 4044K, reserved 1048576K
}
Event: 1.434 GC heap before
{Heap before GC invocations=5 (full 0):
 garbage-first heap   total 45056K, used 27890K [0x0000000701000000, 0x0000000800000000)
  region size 1024K, 20 young (20480K), 4 survivors (4096K)
 Metaspace       used 29284K, capacity 30288K, committed 30332K, reserved 1075200K
  class space    used 3833K, capacity 4268K, committed 4300K, reserved 1048576K
}
Event: 1.436 GC heap after
{Heap after GC invocations=6 (full 0):
 garbage-first heap   total 45056K, used 14852K [0x0000000701000000, 0x0000000800000000)
  region size 1024K, 3 young (3072K), 3 survivors (3072K)
 Metaspace       used 29284K, capacity 30288K, committed 30332K, reserved 1075200K
  class space    used 3833K, capacity 4268K, committed 4300K, reserved 1048576K
}
Event: 1.746 GC heap before
{Heap before GC invocations=6 (full 0):
 garbage-first heap   total 45056K, used 31236K [0x0000000701000000, 0x0000000800000000)
  region size 1024K, 18 young (18432K), 3 survivors (3072K)
 Metaspace       used 30836K, capacity 31914K, committed 32124K, reserved 1077248K
  class space    used 3987K, capacity 4425K, committed 4556K, reserved 1048576K
}
Event: 1.749 GC heap after
{Heap after GC invocations=7 (full 0):
 garbage-first heap   total 153600K, used 18722K [0x0000000701000000, 0x0000000800000000)
  region size 1024K, 3 young (3072K), 3 survivors (3072K)
 Metaspace       used 30836K, capacity 31914K, committed 32124K, reserved 1077248K
  class space    used 3987K, capacity 4425K, committed 4556K, reserved 1048576K
}

